-87.1 33.3 3.431485e+00 3.393219e+00 3.412352e+00 -1.121392e-02
-87.7 33.3 3.340573e+00 3.210312e+00 3.275443e+00 -3.976914e-02
-88.3 33.3 3.133364e+00 3.102705e+00 3.118035e+00 -9.832785e-03
-88.9 33.3 3.105314e+00 2.959238e+00 3.032276e+00 -4.817351e-02
-89.5 33.3 3.381413e+00 3.033918e+00 3.207665e+00 -1.083327e-01
-90.1 33.3 3.001381e+00 3.116008e+00 3.058695e+00 3.747591e-02
-91.3 33.3 2.835392e+00 3.152099e+00 2.993745e+00 1.057894e-01
-91.9 33.3 3.052442e+00 3.091475e+00 3.071959e+00 1.270622e-02
-92.5 33.3 2.744279e+00 2.689062e+00 2.716670e+00 -2.032513e-02
-93.1 33.3 2.778162e+00 3.693590e+00 3.235876e+00 2.828996e-01
-86.5 33.9 3.649088e+00 3.303092e+00 3.476090e+00 -9.953616e-02
-87.1 33.9 3.528302e+00 3.792502e+00 3.660402e+00 7.217777e-02
-87.7 33.9 3.399470e+00 3.815833e+00 3.607651e+00 1.154111e-01
-88.3 33.9 3.646304e+00 4.219988e+00 3.933146e+00 1.458588e-01
-88.9 33.9 3.926886e+00 3.862717e+00 3.894801e+00 -1.647565e-02
-89.5 33.9 3.605395e+00 3.787410e+00 3.696403e+00 4.924108e-02
-90.1 33.9 3.152578e+00 3.186513e+00 3.169546e+00 1.070642e-02
-90.7 33.9 3.076915e+00 3.207840e+00 3.142377e+00 4.166434e-02
-91.3 33.9 2.909563e+00 3.895228e+00 3.402395e+00 2.896975e-01
-91.9 33.9 3.313600e+00 3.297691e+00 3.305645e+00 -4.812579e-03
-92.5 33.9 3.094248e+00 3.289121e+00 3.191685e+00 6.105653e-02
-86.5 34.5 3.587504e+00 3.577970e+00 3.582737e+00 -2.660857e-03
-87.1 34.5 3.704058e+00 3.922787e+00 3.813423e+00 5.735760e-02
-87.7 34.5 3.565760e+00 3.398005e+00 3.481883e+00 -4.817921e-02
-88.3 34.5 3.719549e+00 3.665625e+00 3.692587e+00 -1.460353e-02
-88.9 34.5 3.683886e+00 3.592570e+00 3.638228e+00 -2.509907e-02
-89.5 34.5 3.428079e+00 3.381714e+00 3.404897e+00 -1.361713e-02
-90.1 34.5 3.422474e+00 3.813857e+00 3.618165e+00 1.081717e-01
-91.3 34.5 3.283704e+00 3.693906e+00 3.488805e+00 1.175767e-01
-91.9 34.5 3.001678e+00 3.172703e+00 3.087190e+00 5.539825e-02
-86.5 35.1 3.884773e+00 3.901939e+00 3.893356e+00 4.408961e-03
-87.1 35.1 3.800497e+00 3.745472e+00 3.772984e+00 -1.458384e-02
-87.7 35.1 3.562459e+00 3.376106e+00 3.469283e+00 -5.371520e-02
-88.3 35.1 3.716902e+00 3.761811e+00 3.739357e+00 1.200978e-02
-88.9 35.1 3.617747e+00 3.765716e+00 3.691731e+00 4.008122e-02
-89.5 35.1 3.518162e+00 3.528593e+00 3.523378e+00 2.960745e-03
-90.1 35.1 3.616036e+00 3.159563e+00 3.387799e+00 -1.347401e-01
-90.7 35.1 3.333474e+00 3.503201e+00 3.418338e+00 4.965192e-02
-91.3 35.1 3.139984e+00 3.373024e+00 3.256504e+00 7.156128e-02
-91.9 35.1 3.246269e+00 3.208261e+00 3.227265e+00 -1.177736e-02
-87.1 35.7 3.848212e+00 4.065009e+00 3.956611e+00 5.479338e-02
-87.7 35.7 3.610029e+00 3.359766e+00 3.484898e+00 -7.181348e-02
-88.3 35.7 3.774434e+00 3.767193e+00 3.770813e+00 -1.920160e-03
-88.9 35.7 3.575461e+00 3.708116e+00 3.641789e+00 3.642588e-02
-89.5 35.7 3.696909e+00 3.616132e+00 3.656521e+00 -2.209124e-02
-90.1 35.7 3.651957e+00 3.750972e+00 3.701464e+00 2.675027e-02
-90.7 35.7 3.461319e+00 3.222159e+00 3.341739e+00 -7.156763e-02
-91.9 35.7 3.638818e+00 3.750619e+00 3.694718e+00 3.025950e-02
-92.5 35.7 3.530598e+00 3.525128e+00 3.527863e+00 -1.550502e-03
-93.1 35.7 3.588913e+00 3.880416e+00 3.734665e+00 7.805344e-02
-87.1 36.3 3.724188e+00 3.780947e+00 3.752568e+00 1.512521e-02
-87.7 36.3 3.504318e+00 3.415498e+00 3.459908e+00 -2.567116e-02
-88.3 36.3 3.713976e+00 3.575899e+00 3.644938e+00 -3.788161e-02
-88.9 36.3 3.325979e+00 3.433943e+00 3.379961e+00 3.194235e-02
-90.1 36.3 3.535100e+00 3.704463e+00 3.619781e+00 4.678814e-02
-90.7 36.3 3.633299e+00 3.710094e+00 3.671696e+00 2.091550e-02
-91.3 36.3 3.586391e+00 3.534558e+00 3.560474e+00 -1.455779e-02
-91.9 36.3 3.355831e+00 3.171186e+00 3.263509e+00 -5.657882e-02
-92.5 36.3 3.654314e+00 3.819376e+00 3.736845e+00 4.417164e-02
-93.1 36.3 3.738543e+00 3.561454e+00 3.649999e+00 -4.851773e-02
-87.1 36.9 3.899918e+00 3.844538e+00 3.872228e+00 -1.430200e-02
-87.7 36.9 3.414559e+00 3.684050e+00 3.549304e+00 7.592772e-02
-88.3 36.9 3.670991e+00 3.378953e+00 3.524972e+00 -8.284824e-02
-88.9 36.9 3.696633e+00 3.653551e+00 3.675092e+00 -1.172281e-02
-89.5 36.9 3.817058e+00 3.687518e+00 3.752288e+00 -3.452290e-02
-90.1 36.9 3.779541e+00 3.462126e+00 3.620834e+00 -8.766353e-02
-90.7 36.9 3.428476e+00 3.312297e+00 3.370386e+00 -3.447027e-02
-91.3 36.9 3.381687e+00 3.490594e+00 3.436140e+00 3.169450e-02
-91.9 36.9 3.653084e+00 3.663487e+00 3.658285e+00 2.843776e-03
-92.5 36.9 3.243865e+00 3.672780e+00 3.458322e+00 1.240239e-01
-93.1 36.9 3.545596e+00 3.756635e+00 3.651115e+00 5.780131e-02
-86.5 37.5 3.297405e+00 3.414425e+00 3.355915e+00 3.486973e-02
-87.1 37.5 3.230793e+00 3.349661e+00 3.290227e+00 3.612762e-02
-87.7 37.5 3.385506e+00 4.075807e+00 3.730656e+00 1.850347e-01
-88.3 37.5 3.542057e+00 3.263862e+00 3.402960e+00 -8.175102e-02
-88.9 37.5 3.552927e+00 3.461676e+00 3.507301e+00 -2.601733e-02
-89.5 37.5 3.662282e+00 3.588585e+00 3.625434e+00 -2.032788e-02
-90.1 37.5 3.458791e+00 3.548678e+00 3.503735e+00 2.565485e-02
-90.7 37.5 3.673909e+00 3.521708e+00 3.597809e+00 -4.230370e-02
-91.3 37.5 4.063601e+00 3.915510e+00 3.989555e+00 -3.711953e-02
-92.5 37.5 3.464039e+00 3.441238e+00 3.452639e+00 -6.604087e-03
-93.1 37.5 3.866741e+00 3.720995e+00 3.793868e+00 -3.841618e-02
