-87.1 33.3 3.617506e+00 3.850936e+00 3.734221e+00 6.251101e-02
-87.7 33.3 3.574920e+00 4.456710e+00 4.015815e+00 2.195792e-01
-88.3 33.3 3.594141e+00 4.412971e+00 4.003556e+00 2.045256e-01
-88.9 33.3 3.498887e+00 3.600857e+00 3.549872e+00 2.872508e-02
-89.5 33.3 3.322993e+00 4.178025e+00 3.750509e+00 2.279775e-01
-90.1 33.3 3.930982e+00 4.043295e+00 3.987138e+00 2.816884e-02
-91.3 33.3 3.572451e+00 4.184453e+00 3.878452e+00 1.577955e-01
-91.9 33.3 3.646295e+00 2.953458e+00 3.299876e+00 -2.099586e-01
-92.5 33.3 3.455504e+00 3.985593e+00 3.720549e+00 1.424760e-01
-93.1 33.3 3.574544e+00 4.096276e+00 3.835410e+00 1.360304e-01
-86.5 33.9 3.740485e+00 3.661266e+00 3.700876e+00 -2.140568e-02
-87.1 33.9 3.735087e+00 3.633233e+00 3.684160e+00 -2.764648e-02
-87.7 33.9 3.520867e+00 3.412489e+00 3.466678e+00 -3.126280e-02
-88.3 33.9 4.007923e+00 3.706404e+00 3.857164e+00 -7.817110e-02
-88.9 33.9 3.876524e+00 3.383855e+00 3.630189e+00 -1.357144e-01
-89.5 33.9 3.744621e+00 3.260378e+00 3.502499e+00 -1.382562e-01
-90.1 33.9 3.961401e+00 3.847835e+00 3.904618e+00 -2.908508e-02
-90.7 33.9 3.632031e+00 4.463104e+00 4.047568e+00 2.053266e-01
-91.3 33.9 3.498597e+00 3.714252e+00 3.606424e+00 5.979757e-02
-91.9 33.9 3.888447e+00 4.005666e+00 3.947056e+00 2.969769e-02
-92.5 33.9 3.599317e+00 3.240056e+00 3.419687e+00 -1.050568e-01
-86.5 34.5 3.595611e+00 3.695022e+00 3.645316e+00 2.727101e-02
-87.1 34.5 3.674839e+00 3.726139e+00 3.700489e+00 1.386327e-02
-87.7 34.5 3.921543e+00 4.445143e+00 4.183343e+00 1.251632e-01
-88.3 34.5 3.825438e+00 4.144147e+00 3.984792e+00 7.998139e-02
-88.9 34.5 3.645491e+00 4.129184e+00 3.887337e+00 1.244277e-01
-89.5 34.5 3.773628e+00 4.107813e+00 3.940721e+00 8.480316e-02
-90.1 34.5 3.689583e+00 3.903405e+00 3.796494e+00 5.632101e-02
-91.3 34.5 3.882958e+00 4.193657e+00 4.038308e+00 7.693804e-02
-91.9 34.5 3.721826e+00 3.821066e+00 3.771446e+00 2.631336e-02
-86.5 35.1 3.457312e+00 3.326941e+00 3.392126e+00 -3.843360e-02
-87.1 35.1 3.828613e+00 3.838555e+00 3.833584e+00 2.593470e-03
-87.7 35.1 3.686359e+00 4.000244e+00 3.843301e+00 8.167044e-02
-88.3 35.1 3.761486e+00 3.479986e+00 3.620736e+00 -7.774653e-02
-88.9 35.1 3.801548e+00 3.380670e+00 3.591109e+00 -1.172000e-01
-89.5 35.1 3.710206e+00 3.803387e+00 3.756797e+00 2.480312e-02
-90.1 35.1 3.870713e+00 4.131327e+00 4.001020e+00 6.513694e-02
-90.7 35.1 3.855643e+00 3.974812e+00 3.915228e+00 3.043744e-02
-91.3 35.1 3.846980e+00 4.383120e+00 4.115050e+00 1.302877e-01
-91.9 35.1 3.646662e+00 3.825691e+00 3.736176e+00 4.791779e-02
-87.1 35.7 3.754314e+00 3.592035e+00 3.673174e+00 -4.417959e-02
-87.7 35.7 3.711137e+00 4.157429e+00 3.934283e+00 1.134366e-01
-88.3 35.7 3.682895e+00 3.513862e+00 3.598379e+00 -4.697474e-02
-88.9 35.7 3.637437e+00 3.746524e+00 3.691981e+00 2.954703e-02
-89.5 35.7 3.821648e+00 3.608644e+00 3.715146e+00 -5.733391e-02
-90.1 35.7 3.835122e+00 3.743285e+00 3.789204e+00 -2.423638e-02
-90.7 35.7 3.798261e+00 3.552400e+00 3.675330e+00 -6.689498e-02
-91.9 35.7 3.805082e+00 3.596998e+00 3.701040e+00 -5.622299e-02
-92.5 35.7 4.048390e+00 3.748308e+00 3.898349e+00 -7.697653e-02
-93.1 35.7 3.678700e+00 3.591344e+00 3.635022e+00 -2.403172e-02
-87.1 36.3 3.758644e+00 3.382269e+00 3.570457e+00 -1.054139e-01
-87.7 36.3 3.701645e+00 4.017968e+00 3.859807e+00 8.195298e-02
-88.3 36.3 3.792693e+00 3.687808e+00 3.740250e+00 -2.804205e-02
-88.9 36.3 3.896582e+00 4.250847e+00 4.073715e+00 8.696359e-02
-90.1 36.3 3.692626e+00 3.809047e+00 3.750837e+00 3.103884e-02
-90.7 36.3 3.696142e+00 3.794603e+00 3.745373e+00 2.628866e-02
-91.3 36.3 3.622193e+00 3.798296e+00 3.710244e+00 4.746401e-02
-91.9 36.3 3.861766e+00 4.065538e+00 3.963652e+00 5.141015e-02
-92.5 36.3 3.634597e+00 3.459158e+00 3.546878e+00 -4.946316e-02
-93.1 36.3 3.514496e+00 3.389593e+00 3.452045e+00 -3.618243e-02
-87.1 36.9 3.621318e+00 3.530148e+00 3.575733e+00 -2.549678e-02
-87.7 36.9 3.762627e+00 3.893662e+00 3.828144e+00 3.422951e-02
-88.3 36.9 3.821816e+00 3.886776e+00 3.854296e+00 1.685396e-02
-88.9 36.9 3.854181e+00 3.566836e+00 3.710508e+00 -7.744079e-02
-89.5 36.9 3.701587e+00 3.779269e+00 3.740428e+00 2.076832e-02
-90.1 36.9 3.729083e+00 3.755401e+00 3.742242e+00 7.032595e-03
-90.7 36.9 3.707021e+00 4.039554e+00 3.873287e+00 8.585289e-02
-91.3 36.9 3.772713e+00 3.953525e+00 3.863119e+00 4.680457e-02
-91.9 36.9 3.745525e+00 3.801943e+00 3.773734e+00 1.495013e-02
-92.5 36.9 3.787557e+00 3.464729e+00 3.626143e+00 -8.902795e-02
-93.1 36.9 3.739220e+00 3.786120e+00 3.762670e+00 1.246454e-02
-86.5 37.5 3.697159e+00 4.493887e+00 4.095523e+00 1.945364e-01
-87.1 37.5 3.829976e+00 4.037724e+00 3.933850e+00 5.281033e-02
-87.7 37.5 3.863191e+00 3.392024e+00 3.627607e+00 -1.298838e-01
-88.3 37.5 3.643831e+00 3.924936e+00 3.784383e+00 7.428030e-02
-88.9 37.5 3.816178e+00 3.902444e+00 3.859311e+00 2.235258e-02
-89.5 37.5 3.835402e+00 4.190153e+00 4.012777e+00 8.840516e-02
-90.1 37.5 3.970460e+00 3.461734e+00 3.716097e+00 -1.368981e-01
-90.7 37.5 3.757868e+00 3.891307e+00 3.824588e+00 3.488980e-02
-91.3 37.5 3.738359e+00 3.698717e+00 3.718538e+00 -1.066070e-02
-92.5 37.5 3.572925e+00 3.979988e+00 3.776457e+00 1.077896e-01
-93.1 37.5 3.519747e+00 4.068982e+00 3.794365e+00 1.447501e-01
