-86.5 33.3 3.988207e+00
-87.1 33.3 4.169971e+00
-87.7 33.3 4.074690e+00
-88.3 33.3 4.206508e+00
-89.5 33.3 3.450133e+00
-90.1 33.3 4.506811e+00
-90.7 33.3 3.919389e+00
-91.3 33.3 4.893912e+00
-91.9 33.3 3.845411e+00
-92.5 33.3 4.280558e+00
-93.1 33.3 4.454431e+00
-86.5 33.9 3.937693e+00
-87.1 33.9 4.062290e+00
-87.7 33.9 4.590463e+00
-88.3 33.9 3.698164e+00
-88.9 33.9 3.462595e+00
-89.5 33.9 4.349369e+00
-90.1 33.9 4.669078e+00
-90.7 33.9 4.408378e+00
-91.3 33.9 4.242017e+00
-91.9 33.9 4.510310e+00
-92.5 33.9 4.750807e+00
-93.1 33.9 4.611057e+00
-86.5 34.5 3.877726e+00
-87.1 34.5 4.054688e+00
-87.7 34.5 4.078070e+00
-88.3 34.5 4.000494e+00
-88.9 34.5 4.361198e+00
-89.5 34.5 4.673134e+00
-90.1 34.5 4.425343e+00
-90.7 34.5 4.384840e+00
-91.3 34.5 4.290535e+00
-91.9 34.5 4.481391e+00
-92.5 34.5 4.383550e+00
-93.1 34.5 4.800000e+00
-86.5 35.1 3.876730e+00
-87.1 35.1 4.148410e+00
-87.7 35.1 4.575199e+00
-88.3 35.1 4.021277e+00
-88.9 35.1 4.373542e+00
-89.5 35.1 4.348640e+00
-90.1 35.1 4.191889e+00
-90.7 35.1 4.452465e+00
-91.3 35.1 4.257375e+00
-91.9 35.1 4.153070e+00
-92.5 35.1 3.589260e+00
-93.1 35.1 4.623907e+00
-86.5 35.7 4.556534e+00
-87.1 35.7 4.275820e+00
-87.7 35.7 4.344257e+00
-88.3 35.7 4.044967e+00
-88.9 35.7 4.600917e+00
-89.5 35.7 4.380827e+00
-90.1 35.7 4.492909e+00
-90.7 35.7 4.333993e+00
-91.3 35.7 4.216760e+00
-91.9 35.7 4.253799e+00
-92.5 35.7 4.087248e+00
-87.1 36.3 4.035485e+00
-87.7 36.3 4.088355e+00
-88.3 36.3 4.004924e+00
-88.9 36.3 4.426735e+00
-89.5 36.3 4.566470e+00
-90.1 36.3 4.354050e+00
-90.7 36.3 4.035278e+00
-91.3 36.3 4.116227e+00
-91.9 36.3 4.093157e+00
-92.5 36.3 4.501064e+00
-93.1 36.3 4.261568e+00
-93.7 36.3 3.387116e+00
-86.5 36.9 3.956475e+00
-87.1 36.9 4.178378e+00
-87.7 36.9 3.949372e+00
-88.3 36.9 4.420448e+00
-88.9 36.9 4.216538e+00
-89.5 36.9 4.353171e+00
-90.1 36.9 4.099823e+00
-90.7 36.9 4.273790e+00
-91.3 36.9 3.995941e+00
-91.9 36.9 4.165794e+00
-92.5 36.9 4.008614e+00
-93.1 36.9 3.892012e+00
-86.5 37.5 4.185601e+00
-87.1 37.5 4.119656e+00
-87.7 37.5 4.020868e+00
-88.3 37.5 3.961443e+00
-88.9 37.5 4.104619e+00
-89.5 37.5 4.219885e+00
-90.1 37.5 3.896240e+00
-90.7 37.5 4.475857e+00
-91.3 37.5 3.868978e+00
-91.9 37.5 3.898983e+00
-92.5 37.5 3.703763e+00
-93.1 37.5 4.247619e+00
-93.7 37.5 3.836022e+00
