-87.1 33.3 3.406563e+00 3.233299e+00 3.319931e+00 -5.218917e-02
-87.7 33.3 3.378102e+00 3.117881e+00 3.247991e+00 -8.011774e-02
-88.3 33.3 3.785960e+00 3.397101e+00 3.591531e+00 -1.082712e-01
-88.9 33.3 3.297534e+00 3.143337e+00 3.220436e+00 -4.788080e-02
-89.5 33.3 3.476178e+00 2.926217e+00 3.201198e+00 -1.717984e-01
-90.1 33.3 3.186515e+00 3.224234e+00 3.205374e+00 1.176745e-02
-91.3 33.3 2.896153e+00 3.143510e+00 3.019831e+00 8.191079e-02
-91.9 33.3 3.350177e+00 3.489654e+00 3.419916e+00 4.078363e-02
-92.5 33.3 3.116359e+00 2.973305e+00 3.044832e+00 -4.698250e-02
-93.1 33.3 2.789370e+00 2.307930e+00 2.548650e+00 -1.889002e-01
-86.5 33.9 3.473063e+00 3.239989e+00 3.356526e+00 -6.943921e-02
-87.1 33.9 3.438016e+00 3.645815e+00 3.541916e+00 5.866856e-02
-87.7 33.9 3.474821e+00 3.088824e+00 3.281822e+00 -1.176169e-01
-88.3 33.9 3.189616e+00 3.079162e+00 3.134389e+00 -3.523936e-02
-88.9 33.9 3.486723e+00 3.423137e+00 3.454930e+00 -1.840456e-02
-89.5 33.9 2.658026e+00 2.652732e+00 2.655379e+00 -1.993449e-03
-90.1 33.9 2.782219e+00 2.764264e+00 2.773241e+00 -6.474238e-03
-90.7 33.9 3.324622e+00 2.837729e+00 3.081175e+00 -1.580219e-01
-91.3 33.9 3.240384e+00 2.290555e+00 2.765469e+00 -3.434604e-01
-91.9 33.9 2.342457e+00 3.301962e+00 2.822210e+00 3.399834e-01
-92.5 33.9 2.975910e+00 3.476022e+00 3.225966e+00 1.550272e-01
-86.5 34.5 3.519105e+00 3.519362e+00 3.519233e+00 7.319352e-05
-87.1 34.5 3.538190e+00 3.648319e+00 3.593254e+00 3.064902e-02
-87.7 34.5 3.426210e+00 3.410250e+00 3.418230e+00 -4.669336e-03
-88.3 34.5 3.387441e+00 3.358480e+00 3.372961e+00 -8.586170e-03
-88.9 34.5 3.464963e+00 3.394343e+00 3.429653e+00 -2.059108e-02
-89.5 34.5 3.405016e+00 3.190095e+00 3.297555e+00 -6.517581e-02
-90.1 34.5 3.287018e+00 2.888195e+00 3.087606e+00 -1.291688e-01
-91.3 34.5 2.603020e+00 2.641775e+00 2.622397e+00 1.477839e-02
-91.9 34.5 3.112735e+00 3.262382e+00 3.187558e+00 4.694726e-02
-86.5 35.1 3.627908e+00 3.541950e+00 3.584929e+00 -2.397771e-02
-87.1 35.1 3.528044e+00 3.394734e+00 3.461389e+00 -3.851342e-02
-87.7 35.1 3.531967e+00 3.512167e+00 3.522067e+00 -5.621864e-03
-88.3 35.1 3.527798e+00 3.592724e+00 3.560261e+00 1.823634e-02
-88.9 35.1 3.429045e+00 3.656357e+00 3.542701e+00 6.416349e-02
-89.5 35.1 3.386034e+00 3.318287e+00 3.352160e+00 -2.020989e-02
-90.1 35.1 2.905785e+00 3.337012e+00 3.121398e+00 1.381519e-01
-90.7 35.1 3.043907e+00 3.022922e+00 3.033414e+00 -6.917770e-03
-91.3 35.1 3.211934e+00 2.937395e+00 3.074665e+00 -8.929096e-02
-91.9 35.1 3.242659e+00 3.146463e+00 3.194561e+00 -3.011228e-02
-87.1 35.7 3.431202e+00 3.299291e+00 3.365246e+00 -3.919814e-02
-87.7 35.7 3.580047e+00 3.589424e+00 3.584735e+00 2.615740e-03
-88.3 35.7 3.481974e+00 3.444422e+00 3.463198e+00 -1.084308e-02
-88.9 35.7 3.481676e+00 3.380278e+00 3.430977e+00 -2.955346e-02
-89.5 35.7 2.853043e+00 3.036988e+00 2.945016e+00 6.245970e-02
-90.1 35.7 2.465647e+00 2.712369e+00 2.589008e+00 9.529573e-02
-90.7 35.7 2.919422e+00 3.355606e+00 3.137514e+00 1.390221e-01
-91.9 35.7 3.382990e+00 3.566882e+00 3.474936e+00 5.291962e-02
-92.5 35.7 3.476858e+00 3.647967e+00 3.562412e+00 4.803171e-02
-93.1 35.7 3.011262e+00 3.277099e+00 3.144180e+00 8.454898e-02
-87.1 36.3 3.371408e+00 3.440544e+00 3.405976e+00 2.029837e-02
-87.7 36.3 3.681083e+00 3.553977e+00 3.617530e+00 -3.513627e-02
-88.3 36.3 3.305951e+00 3.525747e+00 3.415849e+00 6.434579e-02
-88.9 36.3 3.133512e+00 3.131069e+00 3.132290e+00 -7.798741e-04
-90.1 36.3 3.497119e+00 3.275027e+00 3.386073e+00 -6.558988e-02
-90.7 36.3 3.521427e+00 3.237175e+00 3.379301e+00 -8.411571e-02
-91.3 36.3 3.422714e+00 3.325045e+00 3.373879e+00 -2.894831e-02
-91.9 36.3 3.602751e+00 3.562391e+00 3.582571e+00 -1.126555e-02
-92.5 36.3 3.487086e+00 3.344405e+00 3.415745e+00 -4.177164e-02
-93.1 36.3 3.481195e+00 3.474499e+00 3.477847e+00 -1.925517e-03
-87.1 36.9 3.513574e+00 3.329941e+00 3.421757e+00 -5.366628e-02
-87.7 36.9 3.356770e+00 3.320605e+00 3.338688e+00 -1.083214e-02
-88.3 36.9 3.175498e+00 3.518253e+00 3.346876e+00 1.024104e-01
-88.9 36.9 3.451924e+00 3.368323e+00 3.410124e+00 -2.451535e-02
-89.5 36.9 3.227995e+00 3.257458e+00 3.242726e+00 9.085973e-03
-90.1 36.9 3.263129e+00 3.531535e+00 3.397332e+00 7.900475e-02
-90.7 36.9 3.547065e+00 3.314620e+00 3.430842e+00 -6.775161e-02
-91.3 36.9 3.412278e+00 3.583395e+00 3.497836e+00 4.892087e-02
-91.9 36.9 3.444835e+00 3.420464e+00 3.432649e+00 -7.099998e-03
-92.5 36.9 3.473725e+00 3.514542e+00 3.494134e+00 1.168166e-02
-93.1 36.9 3.452282e+00 3.730613e+00 3.591447e+00 7.749816e-02
-86.5 37.5 3.213963e+00 3.019062e+00 3.116513e+00 -6.253830e-02
-87.1 37.5 3.073101e+00 3.096901e+00 3.085001e+00 7.714771e-03
-87.7 37.5 3.122232e+00 3.246905e+00 3.184568e+00 3.914908e-02
-88.3 37.5 3.533039e+00 3.242301e+00 3.387670e+00 -8.582232e-02
-88.9 37.5 3.471467e+00 3.658630e+00 3.565048e+00 5.249948e-02
-89.5 37.5 3.433540e+00 3.173608e+00 3.303574e+00 -7.868209e-02
-90.1 37.5 3.709442e+00 3.761618e+00 3.735530e+00 1.396750e-02
-90.7 37.5 3.290201e+00 3.656103e+00 3.473152e+00 1.053518e-01
-91.3 37.5 3.408196e+00 3.123657e+00 3.265927e+00 -8.712372e-02
-92.5 37.5 3.502485e+00 3.424763e+00 3.463624e+00 -2.243943e-02
-93.1 37.5 3.653395e+00 3.263721e+00 3.458558e+00 -1.126693e-01
